Application SethiarWorks démarrée à 2025-06-23 20:09:45
Application SethiarWorks démarrée à 2025-06-23 20:15:28
Application SethiarWorks démarrée à 2025-06-24 09:46:50
Application SethiarWorks démarrée à 2025-06-24 09:48:35
Application SethiarWorks démarrée à 2025-06-24 09:48:40
Application SethiarWorks démarrée à 2025-06-24 09:48:41
Application SethiarWorks démarrée à 2025-06-24 09:49:30
Application SethiarWorks démarrée à 2025-06-24 09:52:04
Application SethiarWorks démarrée à 2025-06-24 15:22:18
Application SethiarWorks démarrée à 2025-06-24 15:22:19
Application SethiarWorks démarrée à 2025-06-24 15:31:45
Application SethiarWorks démarrée à 2025-06-24 15:31:47
Application SethiarWorks démarrée à 2025-06-24 19:31:52
Application SethiarWorks démarrée à 2025-06-24 19:31:54
Application SethiarWorks démarrée à 2025-06-24 19:32:18
Application SethiarWorks démarrée à 2025-06-24 19:32:20
Application SethiarWorks démarrée à 2025-06-24 19:33:19
Application SethiarWorks démarrée à 2025-06-24 19:33:21
Application SethiarWorks démarrée à 2025-06-24 19:35:01
Application SethiarWorks démarrée à 2025-06-24 19:35:03
Application SethiarWorks démarrée à 2025-06-24 19:37:37
Application SethiarWorks démarrée à 2025-06-24 19:40:16
Application SethiarWorks démarrée à 2025-06-24 19:52:29
Application SethiarWorks démarrée à 2025-06-24 19:52:31
Application SethiarWorks démarrée à 2025-06-24 19:55:12
Application SethiarWorks démarrée à 2025-06-24 19:55:21
Application SethiarWorks démarrée à 2025-06-24 20:00:39
Application SethiarWorks démarrée à 2025-06-24 20:00:41
Application SethiarWorks démarrée à 2025-06-24 20:03:30
Application SethiarWorks démarrée à 2025-06-24 20:03:32
Application SethiarWorks démarrée à 2025-06-24 20:10:19
Application SethiarWorks démarrée à 2025-06-24 20:10:21
Application SethiarWorks démarrée à 2025-06-24 20:11:03
Application SethiarWorks démarrée à 2025-06-24 20:11:05
Application SethiarWorks démarrée à 2025-06-24 20:14:55
Application SethiarWorks démarrée à 2025-06-24 20:14:57
Application SethiarWorks démarrée à 2025-06-24 20:18:14
Application SethiarWorks démarrée à 2025-06-24 20:18:16
Application SethiarWorks démarrée à 2025-06-24 20:20:40
Application SethiarWorks démarrée à 2025-06-24 20:20:42
Application SethiarWorks démarrée à 2025-06-24 20:22:24
Application SethiarWorks démarrée à 2025-06-24 20:22:25
Application SethiarWorks démarrée à 2025-06-25 13:29:55
Application SethiarWorks démarrée à 2025-06-25 13:29:57
Application SethiarWorks démarrée à 2025-06-25 13:35:08
Application SethiarWorks démarrée à 2025-06-25 13:35:27
Application SethiarWorks démarrée à 2025-06-25 13:35:33
Application SethiarWorks démarrée à 2025-06-25 13:35:44
Application SethiarWorks démarrée à 2025-06-25 13:36:04
Application SethiarWorks démarrée à 2025-06-25 13:36:25
Application SethiarWorks démarrée à 2025-06-25 13:36:35
Application SethiarWorks démarrée à 2025-06-25 13:40:06
Application SethiarWorks démarrée à 2025-06-25 13:40:08
Application SethiarWorks démarrée à 2025-06-25 13:40:45
Application SethiarWorks démarrée à 2025-06-25 13:40:51
Application SethiarWorks démarrée à 2025-06-25 13:40:53
Application SethiarWorks démarrée à 2025-06-25 13:45:10
Application SethiarWorks démarrée à 2025-06-25 19:21:32
Application SethiarWorks démarrée à 2025-06-25 19:27:07
Application SethiarWorks démarrée à 2025-06-25 19:27:09
Application SethiarWorks démarrée à 2025-06-25 19:27:26
Application SethiarWorks démarrée à 2025-06-25 19:27:35
Application SethiarWorks démarrée à 2025-06-25 19:27:52
Application SethiarWorks démarrée à 2025-06-25 19:28:29
Application SethiarWorks démarrée à 2025-06-25 19:29:12
Application SethiarWorks démarrée à 2025-06-25 19:29:23
Application SethiarWorks démarrée à 2025-06-25 19:30:30
Application SethiarWorks démarrée à 2025-06-25 19:31:01
Application SethiarWorks démarrée à 2025-06-25 19:34:35
Application SethiarWorks démarrée à 2025-06-25 19:35:31
Application SethiarWorks démarrée à 2025-06-25 19:35:38
Application SethiarWorks démarrée à 2025-06-25 19:35:49
Application SethiarWorks démarrée à 2025-06-25 19:37:38
Application SethiarWorks démarrée à 2025-06-25 19:37:52
Application SethiarWorks démarrée à 2025-06-25 19:37:54
L'administrateur Nosiris s'est bien connecté.
Application SethiarWorks démarrée à 2025-06-25 19:38:50
L'administrateur Nosiris s'est bien connecté.
L'administrateur Nosiris s'est bien connecté.
Application SethiarWorks démarrée à 2025-06-25 19:42:05
L'administrateur Nosiris s'est bien connecté.
Application SethiarWorks démarrée à 2025-06-25 19:54:13
Application SethiarWorks démarrée à 2025-06-25 19:56:32
Application SethiarWorks démarrée à 2025-06-25 19:56:54
Application SethiarWorks démarrée à 2025-06-25 20:02:04
Application SethiarWorks démarrée à 2025-06-25 20:14:02
Application SethiarWorks démarrée à 2025-06-25 20:15:06
Application SethiarWorks démarrée à 2025-06-25 20:15:56
Application SethiarWorks démarrée à 2025-06-26 09:20:11
Application SethiarWorks démarrée à 2025-06-26 09:20:13
Application SethiarWorks démarrée à 2025-06-26 09:20:22
Application SethiarWorks démarrée à 2025-06-26 09:21:22
Application SethiarWorks démarrée à 2025-06-26 09:21:49
Application SethiarWorks démarrée à 2025-06-26 09:23:09
Application SethiarWorks démarrée à 2025-06-26 09:23:29
Application SethiarWorks démarrée à 2025-06-26 09:24:10
Application SethiarWorks démarrée à 2025-06-26 09:24:14
Application SethiarWorks démarrée à 2025-06-26 09:42:14
Application SethiarWorks démarrée à 2025-06-26 09:42:15
Application SethiarWorks démarrée à 2025-06-26 09:53:21
Application SethiarWorks démarrée à 2025-06-26 09:53:23
Application SethiarWorks démarrée à 2025-06-26 09:55:50
Application SethiarWorks démarrée à 2025-06-26 09:55:54
Application SethiarWorks démarrée à 2025-06-26 09:59:00
Application SethiarWorks démarrée à 2025-06-26 10:13:04
Application SethiarWorks démarrée à 2025-06-26 10:17:35
Application SethiarWorks démarrée à 2025-06-26 10:18:29
Application SethiarWorks démarrée à 2025-06-26 10:19:09
Application SethiarWorks démarrée à 2025-06-26 10:19:26
Application SethiarWorks démarrée à 2025-06-26 10:22:57
Application SethiarWorks démarrée à 2025-06-26 10:24:13
Application SethiarWorks démarrée à 2025-06-26 10:24:16
L'administrateur Nosiris s'est bien connecté.
Application SethiarWorks démarrée à 2025-06-26 10:25:49
Application SethiarWorks démarrée à 2025-06-26 10:26:08
Application SethiarWorks démarrée à 2025-06-26 10:26:57
Application SethiarWorks démarrée à 2025-06-26 10:27:14
Application SethiarWorks démarrée à 2025-06-26 10:27:21
Application SethiarWorks démarrée à 2025-06-26 10:27:24
Application SethiarWorks démarrée à 2025-06-26 10:27:45
Application SethiarWorks démarrée à 2025-06-26 10:27:55
Application SethiarWorks démarrée à 2025-06-26 10:29:48
Application SethiarWorks démarrée à 2025-06-26 10:30:11
Application SethiarWorks démarrée à 2025-06-26 10:30:34
Application SethiarWorks démarrée à 2025-06-26 10:30:36
L'administrateur Nosiris s'est bien connecté.
Application SethiarWorks démarrée à 2025-06-26 10:31:24
L'administrateur Nosiris s'est bien connecté.
Application SethiarWorks démarrée à 2025-06-26 10:34:57
Application SethiarWorks démarrée à 2025-06-26 10:35:28
Application SethiarWorks démarrée à 2025-06-26 10:36:27
Application SethiarWorks démarrée à 2025-06-26 10:38:30
Application SethiarWorks démarrée à 2025-06-26 10:38:31
Application SethiarWorks démarrée à 2025-06-26 10:40:21
Application SethiarWorks démarrée à 2025-06-26 10:41:40
Application SethiarWorks démarrée à 2025-06-26 10:42:07
Application SethiarWorks démarrée à 2025-06-26 10:42:18
Application SethiarWorks démarrée à 2025-06-26 10:42:47
Application SethiarWorks démarrée à 2025-06-26 10:42:54
Application SethiarWorks démarrée à 2025-06-26 10:43:00
Application SethiarWorks démarrée à 2025-06-26 10:43:41
Application SethiarWorks démarrée à 2025-06-26 10:45:13
Application SethiarWorks démarrée à 2025-06-26 10:45:35
Application SethiarWorks démarrée à 2025-06-26 10:46:05
Application SethiarWorks démarrée à 2025-06-26 10:46:37
Application SethiarWorks démarrée à 2025-06-26 10:46:43
Application SethiarWorks démarrée à 2025-06-26 10:47:05
Application SethiarWorks démarrée à 2025-06-26 10:48:34
Application SethiarWorks démarrée à 2025-06-26 10:54:33
Application SethiarWorks démarrée à 2025-06-26 10:54:46
Application SethiarWorks démarrée à 2025-06-26 10:54:48
Application SethiarWorks démarrée à 2025-06-26 10:59:10
Application SethiarWorks démarrée à 2025-06-26 11:02:40
Application SethiarWorks démarrée à 2025-06-26 11:02:42
Application SethiarWorks démarrée à 2025-06-26 11:03:48
Application SethiarWorks démarrée à 2025-06-26 11:04:32
Application SethiarWorks démarrée à 2025-06-26 11:04:46
Application SethiarWorks démarrée à 2025-06-26 11:04:56
Application SethiarWorks démarrée à 2025-06-26 11:11:59
Application SethiarWorks démarrée à 2025-06-26 11:12:59
Application SethiarWorks démarrée à 2025-06-26 11:13:03
L'administrateur Nosiris s'est bien connecté.
Application SethiarWorks démarrée à 2025-06-26 11:35:16
Application SethiarWorks démarrée à 2025-06-26 11:38:52
Application SethiarWorks démarrée à 2025-06-26 11:39:58
Application SethiarWorks démarrée à 2025-06-26 11:45:11
Application SethiarWorks démarrée à 2025-06-26 12:03:58
Application SethiarWorks démarrée à 2025-06-26 12:04:13
Application SethiarWorks démarrée à 2025-06-26 12:05:55
Application SethiarWorks démarrée à 2025-06-26 12:06:04
Application SethiarWorks démarrée à 2025-06-26 12:06:24
Application SethiarWorks démarrée à 2025-06-26 12:08:01
Application SethiarWorks démarrée à 2025-06-26 12:15:24
L'utilisateur SethairWorks s'est bien connecté.
Application SethiarWorks démarrée à 2025-06-26 12:16:19
Application SethiarWorks démarrée à 2025-06-26 12:16:56
Application SethiarWorks démarrée à 2025-06-26 12:22:23
Application SethiarWorks démarrée à 2025-06-26 12:22:25
L'utilisateur SethairWorks s'est bien connecté.
Application SethiarWorks démarrée à 2025-06-26 12:26:05
Application SethiarWorks démarrée à 2025-06-26 12:26:06
L'utilisateur SethairWorks s'est bien connecté.
Application SethiarWorks démarrée à 2025-06-26 12:26:39
L'utilisateur SethairWorks s'est bien connecté.
Application SethiarWorks démarrée à 2025-06-26 19:17:26
Application SethiarWorks démarrée à 2025-06-26 19:17:28
Application SethiarWorks démarrée à 2025-06-26 19:17:41
Application SethiarWorks démarrée à 2025-06-26 19:17:43
Application SethiarWorks démarrée à 2025-06-26 19:18:58
Application SethiarWorks démarrée à 2025-06-26 19:19:00
Application SethiarWorks démarrée à 2025-06-26 19:19:15
Application SethiarWorks démarrée à 2025-06-26 19:19:17
Application SethiarWorks démarrée à 2025-06-26 19:19:50
Application SethiarWorks démarrée à 2025-06-26 19:19:51
Application SethiarWorks démarrée à 2025-06-26 19:20:18
Application SethiarWorks démarrée à 2025-06-26 19:20:20
Application SethiarWorks démarrée à 2025-06-26 19:20:54
Application SethiarWorks démarrée à 2025-06-26 19:20:55
Application SethiarWorks démarrée à 2025-06-26 19:21:39
Application SethiarWorks démarrée à 2025-06-26 19:21:41
L'administrateur Nosiris s'est bien connecté.
Application SethiarWorks démarrée à 2025-06-26 20:01:33
Application SethiarWorks démarrée à 2025-06-26 20:01:35
Application SethiarWorks démarrée à 2025-06-26 20:02:18
Application SethiarWorks démarrée à 2025-06-26 20:02:20
Application SethiarWorks démarrée à 2025-06-26 20:08:16
Application SethiarWorks démarrée à 2025-06-26 20:08:22
Application SethiarWorks démarrée à 2025-06-26 20:08:27
Application SethiarWorks démarrée à 2025-06-26 20:08:48
Application SethiarWorks démarrée à 2025-06-26 20:09:21
Application SethiarWorks démarrée à 2025-06-26 20:09:36
Application SethiarWorks démarrée à 2025-06-26 20:09:53
Application SethiarWorks démarrée à 2025-06-26 20:10:46
Application SethiarWorks démarrée à 2025-06-26 20:10:52
Application SethiarWorks démarrée à 2025-06-26 20:11:44
Application SethiarWorks démarrée à 2025-06-26 20:12:04
Application SethiarWorks démarrée à 2025-06-26 20:12:12
Application SethiarWorks démarrée à 2025-06-26 20:12:19
Application SethiarWorks démarrée à 2025-06-26 20:15:31
Application SethiarWorks démarrée à 2025-06-26 20:15:33
Application SethiarWorks démarrée à 2025-06-26 20:20:26
Application SethiarWorks démarrée à 2025-06-26 20:20:43
Application SethiarWorks démarrée à 2025-06-26 20:20:53
Application SethiarWorks démarrée à 2025-06-26 20:21:49
Application SethiarWorks démarrée à 2025-06-26 20:23:57
Tentative de connexion échouée : nom de l'entreprise inconnu.
Tentative de connexion échouée : nom de l'entreprise inconnu.
L'utilisateur SethairWorks s'est bien connecté.
Application SethiarWorks démarrée à 2025-06-26 20:25:20
Application SethiarWorks démarrée à 2025-06-26 20:26:08
L'administrateur Nosiris s'est bien connecté.
Application SethiarWorks démarrée à 2025-06-26 20:27:53
Application SethiarWorks démarrée à 2025-06-26 20:58:17
Application SethiarWorks démarrée à 2025-06-26 20:58:18
Application SethiarWorks démarrée à 2025-06-26 21:15:49
Application SethiarWorks démarrée à 2025-06-26 22:03:02
Application SethiarWorks démarrée à 2025-06-27 09:22:43
Application SethiarWorks démarrée à 2025-06-27 09:24:03
Application SethiarWorks démarrée à 2025-06-27 09:26:50
Application SethiarWorks démarrée à 2025-06-27 09:27:39
Application SethiarWorks démarrée à 2025-06-27 09:27:40
Application SethiarWorks démarrée à 2025-06-27 09:33:51
Application SethiarWorks démarrée à 2025-06-27 09:34:22
Application SethiarWorks démarrée à 2025-06-27 09:35:12
Application SethiarWorks démarrée à 2025-06-27 09:48:58
Application SethiarWorks démarrée à 2025-06-27 09:49:00
Application SethiarWorks démarrée à 2025-06-27 09:49:09
Application SethiarWorks démarrée à 2025-06-27 09:58:03
Application SethiarWorks démarrée à 2025-06-27 09:58:04
Application SethiarWorks démarrée à 2025-06-27 09:59:20
Application SethiarWorks démarrée à 2025-06-27 09:59:22
Application SethiarWorks démarrée à 2025-06-27 10:00:53
L'administrateur Nosiris s'est bien connecté.
Application SethiarWorks démarrée à 2025-06-30 09:15:23
Application SethiarWorks démarrée à 2025-06-30 09:15:25
Tentative de connexion échouée pour Nosiris : mot de passe incorrect.
L'administrateur Nosiris s'est bien connecté.
Application SethiarWorks démarrée à 2025-06-30 09:22:54
Application SethiarWorks démarrée à 2025-06-30 09:23:37
Application SethiarWorks démarrée à 2025-06-30 09:24:11
Application SethiarWorks démarrée à 2025-06-30 09:25:11
Application SethiarWorks démarrée à 2025-06-30 09:25:30
Application SethiarWorks démarrée à 2025-06-30 09:25:46
Application SethiarWorks démarrée à 2025-06-30 09:25:59
L'utilisateur SethiarWorks s'est bien connecté.
Application SethiarWorks démarrée à 2025-06-30 10:05:56
Application SethiarWorks démarrée à 2025-06-30 10:06:38
Application SethiarWorks démarrée à 2025-06-30 10:06:54
Application SethiarWorks démarrée à 2025-06-30 10:07:54
Application SethiarWorks démarrée à 2025-06-30 10:08:00
Application SethiarWorks démarrée à 2025-06-30 10:09:16
Application SethiarWorks démarrée à 2025-06-30 10:10:15
Application SethiarWorks démarrée à 2025-06-30 10:10:33
Application SethiarWorks démarrée à 2025-06-30 10:11:30
Application SethiarWorks démarrée à 2025-06-30 10:12:18
Application SethiarWorks démarrée à 2025-06-30 10:13:19
Application SethiarWorks démarrée à 2025-06-30 10:15:42
Application SethiarWorks démarrée à 2025-06-30 10:15:53
Application SethiarWorks démarrée à 2025-06-30 10:16:08
Application SethiarWorks démarrée à 2025-06-30 10:16:37
Application SethiarWorks démarrée à 2025-06-30 10:16:45
Application SethiarWorks démarrée à 2025-06-30 10:16:55
Application SethiarWorks démarrée à 2025-06-30 10:19:12
Application SethiarWorks démarrée à 2025-06-30 10:20:00
Application SethiarWorks démarrée à 2025-06-30 10:20:03
Application SethiarWorks démarrée à 2025-06-30 10:22:09
Application SethiarWorks démarrée à 2025-06-30 10:23:06
Application SethiarWorks démarrée à 2025-06-30 10:29:33
Application SethiarWorks démarrée à 2025-06-30 10:29:36
Application SethiarWorks démarrée à 2025-06-30 10:29:47
Application SethiarWorks démarrée à 2025-06-30 10:29:57
Application SethiarWorks démarrée à 2025-06-30 10:38:14
Application SethiarWorks démarrée à 2025-06-30 10:39:30
Application SethiarWorks démarrée à 2025-06-30 10:39:51
Application SethiarWorks démarrée à 2025-06-30 10:40:48
Application SethiarWorks démarrée à 2025-06-30 10:41:09
Application SethiarWorks démarrée à 2025-06-30 10:42:14
Application SethiarWorks démarrée à 2025-06-30 10:42:20
Application SethiarWorks démarrée à 2025-06-30 10:42:25
Application SethiarWorks démarrée à 2025-06-30 10:42:38
Application SethiarWorks démarrée à 2025-06-30 10:43:54
Application SethiarWorks démarrée à 2025-06-30 10:48:29
Application SethiarWorks démarrée à 2025-06-30 10:48:42
Application SethiarWorks démarrée à 2025-06-30 10:48:45
Application SethiarWorks démarrée à 2025-06-30 10:54:03
Application SethiarWorks démarrée à 2025-06-30 10:57:29
Application SethiarWorks démarrée à 2025-06-30 11:01:30
Application SethiarWorks démarrée à 2025-06-30 11:03:24
Tentative de connexion échouée : nom de l'entreprise inconnu.
Tentative de connexion échouée : nom de l'entreprise inconnu.
Tentative de connexion échouée : nom de l'entreprise inconnu.
Tentative de connexion échouée : nom de l'entreprise inconnu.
Tentative de connexion échouée : nom de l'entreprise inconnu.
Tentative de connexion échouée : nom de l'entreprise inconnu.
L'utilisateur SethiarWorks s'est bien connecté.
Application SethiarWorks démarrée à 2025-06-30 11:07:07
Application SethiarWorks démarrée à 2025-06-30 11:11:38
Application SethiarWorks démarrée à 2025-06-30 11:12:09
Application SethiarWorks démarrée à 2025-06-30 11:12:16
Application SethiarWorks démarrée à 2025-06-30 11:12:53
Application SethiarWorks démarrée à 2025-06-30 11:27:45
Application SethiarWorks démarrée à 2025-06-30 11:29:06
Application SethiarWorks démarrée à 2025-06-30 11:29:34
Application SethiarWorks démarrée à 2025-06-30 11:30:20
Application SethiarWorks démarrée à 2025-06-30 11:32:12
Application SethiarWorks démarrée à 2025-06-30 11:33:56
Application SethiarWorks démarrée à 2025-06-30 11:33:59
Application SethiarWorks démarrée à 2025-06-30 11:34:25
Application SethiarWorks démarrée à 2025-06-30 11:34:43
Application SethiarWorks démarrée à 2025-06-30 11:35:09
Application SethiarWorks démarrée à 2025-06-30 11:35:12
Application SethiarWorks démarrée à 2025-06-30 11:35:18
Application SethiarWorks démarrée à 2025-06-30 11:36:23
Application SethiarWorks démarrée à 2025-06-30 11:38:46
Application SethiarWorks démarrée à 2025-06-30 11:40:33
Application SethiarWorks démarrée à 2025-06-30 11:44:38
Application SethiarWorks démarrée à 2025-06-30 11:45:15
Application SethiarWorks démarrée à 2025-06-30 11:46:12
Application SethiarWorks démarrée à 2025-06-30 11:46:26
Application SethiarWorks démarrée à 2025-06-30 13:43:26
Application SethiarWorks démarrée à 2025-06-30 13:43:34
Application SethiarWorks démarrée à 2025-06-30 13:48:21
Application SethiarWorks démarrée à 2025-06-30 13:48:23
Application SethiarWorks démarrée à 2025-06-30 13:48:41
Application SethiarWorks démarrée à 2025-06-30 13:49:57
Application SethiarWorks démarrée à 2025-06-30 13:50:53
Application SethiarWorks démarrée à 2025-06-30 13:51:22
Application SethiarWorks démarrée à 2025-06-30 13:53:17
Application SethiarWorks démarrée à 2025-06-30 13:54:56
Application SethiarWorks démarrée à 2025-06-30 13:55:18
Application SethiarWorks démarrée à 2025-06-30 13:55:30
Application SethiarWorks démarrée à 2025-06-30 13:56:09
Application SethiarWorks démarrée à 2025-06-30 13:56:47
Application SethiarWorks démarrée à 2025-06-30 13:57:06
Application SethiarWorks démarrée à 2025-06-30 14:00:57
L'utilisateur SethiarWorks s'est bien connecté.
Tentative de connexion échouée pour Nosiris : mot de passe incorrect.
L'administrateur Nosiris s'est bien connecté.
Application SethiarWorks démarrée à 2025-06-30 14:10:50
Application SethiarWorks démarrée à 2025-06-30 14:11:31
L'administrateur Nosiris s'est bien connecté.
Application SethiarWorks démarrée à 2025-06-30 14:16:03
Application SethiarWorks démarrée à 2025-06-30 14:16:04
Application SethiarWorks démarrée à 2025-06-30 14:18:21
Application SethiarWorks démarrée à 2025-06-30 14:20:34
Application SethiarWorks démarrée à 2025-06-30 14:20:43
Application SethiarWorks démarrée à 2025-06-30 14:20:49
Application SethiarWorks démarrée à 2025-06-30 14:22:15
Application SethiarWorks démarrée à 2025-06-30 14:22:54
Application SethiarWorks démarrée à 2025-06-30 14:32:47
Application SethiarWorks démarrée à 2025-06-30 14:33:35
Application SethiarWorks démarrée à 2025-06-30 14:34:13
Application SethiarWorks démarrée à 2025-06-30 14:34:25
Application SethiarWorks démarrée à 2025-06-30 14:34:41
Application SethiarWorks démarrée à 2025-06-30 14:35:52
Application SethiarWorks démarrée à 2025-06-30 14:36:21
Application SethiarWorks démarrée à 2025-06-30 14:36:47
Application SethiarWorks démarrée à 2025-06-30 14:37:28
Application SethiarWorks démarrée à 2025-06-30 14:37:42
Application SethiarWorks démarrée à 2025-06-30 14:41:07
Application SethiarWorks démarrée à 2025-06-30 14:41:51
Application SethiarWorks démarrée à 2025-06-30 14:45:13
Application SethiarWorks démarrée à 2025-06-30 14:46:52
Application SethiarWorks démarrée à 2025-06-30 14:46:58
Application SethiarWorks démarrée à 2025-06-30 14:47:22
Application SethiarWorks démarrée à 2025-06-30 14:47:32
Application SethiarWorks démarrée à 2025-06-30 14:59:46
Application SethiarWorks démarrée à 2025-06-30 14:59:48
Application SethiarWorks démarrée à 2025-06-30 15:00:02
Application SethiarWorks démarrée à 2025-06-30 15:00:05
L'administrateur Nosiris s'est bien connecté.
Application SethiarWorks démarrée à 2025-06-30 15:17:38
Application SethiarWorks démarrée à 2025-06-30 15:20:37
Application SethiarWorks démarrée à 2025-06-30 15:22:54
Application SethiarWorks démarrée à 2025-06-30 15:25:23
Application SethiarWorks démarrée à 2025-06-30 15:25:29
Application SethiarWorks démarrée à 2025-06-30 15:26:40
Application SethiarWorks démarrée à 2025-06-30 15:30:50
Application SethiarWorks démarrée à 2025-06-30 15:33:59
L'administrateur Nosiris s'est bien connecté.
Application SethiarWorks démarrée à 2025-06-30 15:39:20
Application SethiarWorks démarrée à 2025-06-30 15:42:29
Application SethiarWorks démarrée à 2025-06-30 15:43:33
Application SethiarWorks démarrée à 2025-06-30 15:43:52
Application SethiarWorks démarrée à 2025-06-30 15:44:42
Application SethiarWorks démarrée à 2025-06-30 15:45:15
Application SethiarWorks démarrée à 2025-06-30 15:47:39
Application SethiarWorks démarrée à 2025-06-30 15:48:51
Application SethiarWorks démarrée à 2025-06-30 15:50:29
Application SethiarWorks démarrée à 2025-06-30 15:50:37
Application SethiarWorks démarrée à 2025-06-30 15:52:15
Application SethiarWorks démarrée à 2025-06-30 15:53:17
Application SethiarWorks démarrée à 2025-06-30 15:53:39
Application SethiarWorks démarrée à 2025-06-30 15:54:18
Application SethiarWorks démarrée à 2025-06-30 15:55:50
Application SethiarWorks démarrée à 2025-06-30 15:56:53
Application SethiarWorks démarrée à 2025-06-30 15:58:04
Application SethiarWorks démarrée à 2025-06-30 15:58:22
Application SethiarWorks démarrée à 2025-06-30 15:59:32
Application SethiarWorks démarrée à 2025-06-30 15:59:56
Application SethiarWorks démarrée à 2025-06-30 16:00:44
Application SethiarWorks démarrée à 2025-06-30 16:09:56
Application SethiarWorks démarrée à 2025-06-30 16:09:58
Application SethiarWorks démarrée à 2025-06-30 19:24:27
Application SethiarWorks démarrée à 2025-06-30 19:24:28
Application SethiarWorks démarrée à 2025-06-30 19:26:11
Application SethiarWorks démarrée à 2025-06-30 19:29:18
Application SethiarWorks démarrée à 2025-06-30 19:29:29
Application SethiarWorks démarrée à 2025-06-30 19:34:25
Application SethiarWorks démarrée à 2025-06-30 19:34:35
Application SethiarWorks démarrée à 2025-06-30 19:34:43
Application SethiarWorks démarrée à 2025-06-30 19:43:55
Application SethiarWorks démarrée à 2025-06-30 19:46:35
Application SethiarWorks démarrée à 2025-06-30 19:46:48
Application SethiarWorks démarrée à 2025-06-30 19:47:22
Application SethiarWorks démarrée à 2025-06-30 19:49:18
Application SethiarWorks démarrée à 2025-06-30 19:49:29
Application SethiarWorks démarrée à 2025-06-30 19:51:16
Application SethiarWorks démarrée à 2025-06-30 19:52:56
Application SethiarWorks démarrée à 2025-06-30 19:53:20
Application SethiarWorks démarrée à 2025-06-30 20:00:32
Application SethiarWorks démarrée à 2025-06-30 20:00:39
Application SethiarWorks démarrée à 2025-06-30 20:01:51
Application SethiarWorks démarrée à 2025-06-30 20:02:42
Application SethiarWorks démarrée à 2025-06-30 20:02:47
Application SethiarWorks démarrée à 2025-06-30 20:03:03
Application SethiarWorks démarrée à 2025-06-30 20:03:56
Application SethiarWorks démarrée à 2025-06-30 20:04:15
Application SethiarWorks démarrée à 2025-06-30 20:04:20
Application SethiarWorks démarrée à 2025-06-30 20:05:18
Application SethiarWorks démarrée à 2025-06-30 20:05:41
Application SethiarWorks démarrée à 2025-06-30 20:06:59
Application SethiarWorks démarrée à 2025-06-30 20:08:02
Application SethiarWorks démarrée à 2025-06-30 20:08:08
Application SethiarWorks démarrée à 2025-06-30 20:08:54
Application SethiarWorks démarrée à 2025-06-30 20:08:57
Application SethiarWorks démarrée à 2025-06-30 20:09:00
Application SethiarWorks démarrée à 2025-06-30 20:09:09
Application SethiarWorks démarrée à 2025-06-30 20:09:27
Application SethiarWorks démarrée à 2025-06-30 20:09:31
Application SethiarWorks démarrée à 2025-06-30 20:09:37
Application SethiarWorks démarrée à 2025-06-30 20:17:26
Application SethiarWorks démarrée à 2025-06-30 20:19:21
Application SethiarWorks démarrée à 2025-06-30 20:19:34
Application SethiarWorks démarrée à 2025-06-30 20:19:40
Application SethiarWorks démarrée à 2025-06-30 20:20:38
Application SethiarWorks démarrée à 2025-06-30 20:21:29
Application SethiarWorks démarrée à 2025-06-30 20:21:46
Application SethiarWorks démarrée à 2025-06-30 20:21:54
Application SethiarWorks démarrée à 2025-06-30 20:22:43
Application SethiarWorks démarrée à 2025-06-30 20:25:25
Application SethiarWorks démarrée à 2025-06-30 20:29:18
Application SethiarWorks démarrée à 2025-06-30 20:30:43
Application SethiarWorks démarrée à 2025-06-30 20:30:51
Application SethiarWorks démarrée à 2025-06-30 20:31:39
Application SethiarWorks démarrée à 2025-06-30 20:31:45
Application SethiarWorks démarrée à 2025-06-30 20:31:53
Application SethiarWorks démarrée à 2025-06-30 20:32:36
Application SethiarWorks démarrée à 2025-06-30 20:33:02
Application SethiarWorks démarrée à 2025-06-30 20:33:19
Application SethiarWorks démarrée à 2025-06-30 20:33:26
L'administrateur Nosiris s'est bien connecté.
Application SethiarWorks démarrée à 2025-06-30 20:34:46
Application SethiarWorks démarrée à 2025-06-30 20:35:58
Application SethiarWorks démarrée à 2025-06-30 20:45:58
Application SethiarWorks démarrée à 2025-06-30 20:46:02
Application SethiarWorks démarrée à 2025-06-30 20:46:27
Application SethiarWorks démarrée à 2025-06-30 20:46:36
Application SethiarWorks démarrée à 2025-06-30 20:47:11
Application SethiarWorks démarrée à 2025-06-30 20:47:14
Application SethiarWorks démarrée à 2025-06-30 20:47:20
Application SethiarWorks démarrée à 2025-06-30 20:47:37
Application SethiarWorks démarrée à 2025-06-30 20:47:52
Application SethiarWorks démarrée à 2025-06-30 20:48:09
Application SethiarWorks démarrée à 2025-06-30 20:48:33
Application SethiarWorks démarrée à 2025-06-30 20:48:57
Application SethiarWorks démarrée à 2025-06-30 20:49:13
Application SethiarWorks démarrée à 2025-06-30 20:49:32
Application SethiarWorks démarrée à 2025-06-30 20:50:13
Application SethiarWorks démarrée à 2025-06-30 20:50:32
Application SethiarWorks démarrée à 2025-06-30 20:50:43
Application SethiarWorks démarrée à 2025-06-30 20:51:02
Application SethiarWorks démarrée à 2025-06-30 20:51:22
Application SethiarWorks démarrée à 2025-06-30 20:51:35
Application SethiarWorks démarrée à 2025-06-30 20:53:23
Application SethiarWorks démarrée à 2025-06-30 20:53:42
Application SethiarWorks démarrée à 2025-06-30 20:55:17
Application SethiarWorks démarrée à 2025-06-30 20:55:22
Application SethiarWorks démarrée à 2025-06-30 20:55:31
Application SethiarWorks démarrée à 2025-06-30 20:55:47
Application SethiarWorks démarrée à 2025-06-30 20:56:10
Application SethiarWorks démarrée à 2025-06-30 20:56:29
Application SethiarWorks démarrée à 2025-06-30 20:57:06
Application SethiarWorks démarrée à 2025-06-30 20:57:26
Application SethiarWorks démarrée à 2025-06-30 20:57:44
Application SethiarWorks démarrée à 2025-06-30 20:57:54
Application SethiarWorks démarrée à 2025-06-30 20:58:11
Application SethiarWorks démarrée à 2025-06-30 20:58:19
Application SethiarWorks démarrée à 2025-06-30 20:58:26
Application SethiarWorks démarrée à 2025-06-30 20:58:39
Application SethiarWorks démarrée à 2025-06-30 20:59:57
Application SethiarWorks démarrée à 2025-06-30 21:00:47
Application SethiarWorks démarrée à 2025-06-30 21:01:23
Application SethiarWorks démarrée à 2025-06-30 21:01:33
